SQL> set pagesize 15
SQL> set linesize 80
SQL> 
SQL> /*********************************
SQL>  Assignment - Lab 11 Solution
SQL>  By Pasha Bolokhov
SQL>  Lab Section: 1B
SQL>  Time Used Completing Lab: xx.x hours
SQL>  **********************************/
SQL> 
SQL> /*** 1 Create MY_STUDENT ***/
SQL> CREATE TABLE my_student (
  2  	    mystudent_id     NUMBER(5) PRIMARY KEY,
  3  	    mylname	     VARCHAR2(25),
  4  	    mystartdate      DATE DEFAULT SYSDATE
  5  );

Table created.

SQL> 
SQL> 
SQL> /*** 2 Describe ***/
SQL> DESCRIBE my_student
 Name                                      Null?    Type
 ----------------------------------------- -------- ----------------------------
 MYSTUDENT_ID                              NOT NULL NUMBER(5)
 MYLNAME                                            VARCHAR2(25)
 MYSTARTDATE                                        DATE

SQL> 
SQL> 
SQL> /*** 3 Modify MY_STUDENT ***/
SQL> ALTER TABLE my_student
  2  	   MODIFY mylname VARCHAR2(50);

Table altered.

SQL> 
SQL> 
SQL> /*** 4 Describe ***/
SQL> DESC my_student
 Name                                      Null?    Type
 ----------------------------------------- -------- ----------------------------
 MYSTUDENT_ID                              NOT NULL NUMBER(5)
 MYLNAME                                            VARCHAR2(50)
 MYSTARTDATE                                        DATE

SQL> 
SQL> 
SQL> /*** 5 Insert your name ***/
SQL> INSERT INTO my_student (mystudent_id, mylname)
  2  	    VALUES (5515, 'Bjoerndalen');

1 row created.

SQL> 
SQL> 
SQL> /*** 6 List contents ***/
SQL> SELECT * FROM my_student;

MYSTUDENT_ID MYLNAME                                            MYSTARTDA       
------------ -------------------------------------------------- ---------       
        5515 Bjoerndalen                                        25-FEB-15       

SQL> 
SQL> /*** 7 Add comment ***/
SQL> COMMENT ON TABLE my_student
  2  	     IS 'Assignment 11 Table';

Comment created.

SQL> 
SQL> 
SQL> /*** 8 Confirm comment for MY_STUDENT ***/
SQL> SELECT TABLE_NAME, COMMENTS FROM USER_TAB_COMMENTS
  2  	    WHERE TABLE_NAME = 'MY_STUDENT';

TABLE_NAME                                                                      
------------------------------                                                  
COMMENTS                                                                        
--------------------------------------------------------------------------------
MY_STUDENT                                                                      
Assignment 11 Table                                                             
                                                                                

SQL> 
SQL> /*** 9 Create table My_Student ***/
SQL> 
SQL> REM SQL command here
SQL> 
SQL> /*** 10 Describe ***/
SQL> 
SQL> REM SQL command here
SQL> 
SQL> /*** 11 Select from data dictionary ***/
SQL> 
SQL> REM SQL command here
SQL> 
SQL> /*** 12 Drop MY_STUDENT ***/
SQL> 
SQL> REM SQL command here
SQL> 
SQL> /*** 13 Rename ***/
SQL> 
SQL> REM SQL command here
SQL> 
SQL> /*** 14 Select from data dictionary ***/
SQL> 
SQL> REM SQL command here
SQL> 
SQL> /*** 15 Drop MY_STUDENT ***/
SQL> DROP TABLE my_student PURGE;

Table dropped.

SQL> 
SQL> 
SQL> /*** 16 Select from data dictionary ***/
SQL> 
SQL> REM SQL command here
SQL> 
SQL> /*** 17 ***/
SQL> 
SQL> SPOOL OFF
