SQL> SET PAGESIZE 50
SQL> SET LINESIZE 120
SQL> 
SQL> /*********************************
SQL>  Assignment - Lab 7 Solution
SQL>  By Pasha Bolokhov
SQL>  Lab Section: 1B
SQL>  Due: Thursday, Feb 12 11:30 am
SQL>  **********************************/
SQL> 
SQL> -- Get the date of the run for information
SQL> SELECT TO_CHAR(sysdate, 'Day Month DD HH24:MM') As "Script Run"
  2  FROM DUAL;

Script Run                                                                                                              
----------------------------------------------------------------------------------                                      
Thursday  February  12 11:02                                                                                            

SQL> 
SQL> /*** 1 ***/
SQL> /* For each employee whose last name begins with a P, display the employee's
SQL> last name and calculate the number of months between today and the date the
SQL> employee was hired. Label the column "Months Worked" (note case). Order your
SQL> results in descending order by the number of months employed. Round the
SQL> number of months so that there is only a single digit after the decimal. */
SQL> SELECT last_name AS "Last Name",
  2  	    ROUND(MONTHS_BETWEEN(SYSDATE, hire_date), 1) AS "Months Worked"
  3  	    FROM employees
  4  	    WHERE UPPER(last_name) LIKE 'P%'
  5  	    ORDER BY "Months Worked" DESC;

Last Name                 Months Worked                                                                                 
------------------------- -------------                                                                                 
Partners                          217.2                                                                                 
Pataballa                         204.2                                                                                 
Patel                             202.2                                                                                 
Popp                              182.2                                                                                 
Perkins                           181.8                                                                                 
Philtanker                        180.2                                                                                 

6 rows selected.

SQL> 
SQL> 
SQL> /*** 2 ***/
SQL> /* Your company is considering providing a special lunch every month for all
SQL> employees who have worked for the company at least 15 years. They will be
SQL> invited to the lunch in the month in which they were hired. To get an idea
SQL> of how many employees might come to a special lunch each month over the
SQL> calendar year, your boss has asked you to write a query to return the number
SQL> of employees who will have worked for the company at least 15 years divided
SQL> into groupings by month. (See lab write-up for further details.) */
SQL> COLUMN COUNT(last_name) HEADING 'Number|of Hires'
SQL> SELECT TO_CHAR(hire_date, 'Month') AS "Month", COUNT(last_name)
  2  	    FROM employees
  3  	    WHERE TO_CHAR(SYSDATE, 'YYYY') - TO_CHAR(hire_date, 'YYYY') >= 15
  4  	    GROUP BY TO_CHAR(hire_date, 'Month')
  5  	    ORDER BY TO_DATE("Month", 'Month');

                                         Number                                                                         
Month                                  of Hires                                                                         
------------------------------------ ----------                                                                         
January                                      14                                                                         
February                                     13                                                                         
March                                        17                                                                         
April                                         7                                                                         
May                                           6                                                                         
June                                         11                                                                         
July                                          7                                                                         
August                                        9                                                                         
September                                     5                                                                         
October                                       6                                                                         
November                                      5                                                                         
December                                      7                                                                         

12 rows selected.

SQL> 
SQL> 
SQL> /*** 3 ***/
SQL> /* Your boss wants to know how many people might come who are of legal
SQL> drinking age in British Columbia (in other words, are at least 19 as of
SQL> December 3rd). You need to write a query to count the number of people
SQL> in the people database who are at least 19 by that date. You will use the
SQL> COMP155.PEOPLE table for this query. (See lab write-up for further details.)*/
SQL> 
SQL> SET HEADING OFF
SQL> SELECT 'The number of people who will be 19 or older as of December 3rd, ' ||
  2  	    TO_CHAR(SYSDATE, 'YYYY') || ' is: ' ||
  3  	    COUNT(birth_date)
  4  	    FROM comp155.people
  5  	    WHERE birth_date <= TO_DATE(TO_CHAR(SYSDATE, 'YYYY') - 19 || '-12-03',
  6  					'YYYY-MM-DD');

The number of people who will be 19 or older as of December 3rd, 2015 is: 421                                           

SQL> SET HEADING ON
SQL> 
SQL> SPOOL OFF
